18:32:31.280 [main] DEBUG org.apache.poi.openxml4j.opc.PackageRelationshipCollection - Parsing relationship: /_rels/.rels
18:32:35.895 [main] INFO  testCases.TC003_LoginDDT - ******** Starting TC003_LoginDDT ********
18:32:37.704 [main] INFO  testCases.TC003_LoginDDT - ******** Finished TC003_LoginDDT ********
18:32:41.845 [main] INFO  testCases.TC003_LoginDDT - ******** Starting TC003_LoginDDT ********
18:32:53.250 [main] INFO  testCases.TC003_LoginDDT - ******** Finished TC003_LoginDDT ********
18:32:59.014 [main] INFO  testCases.TC003_LoginDDT - ******** Starting TC003_LoginDDT ********
18:33:10.486 [main] INFO  testCases.TC003_LoginDDT - ******** Finished TC003_LoginDDT ********
18:33:16.269 [main] INFO  testCases.TC003_LoginDDT - ******** Starting TC003_LoginDDT ********
18:33:17.897 [main] INFO  testCases.TC003_LoginDDT - ******** Finished TC003_LoginDDT ********
18:33:21.973 [main] INFO  testCases.TC003_LoginDDT - ******** Starting TC003_LoginDDT ********
18:33:33.366 [main] INFO  testCases.TC003_LoginDDT - ******** Finished TC003_LoginDDT ********
18:37:01.339 [main] INFO  testCases.TC001_AccountRegistretionTest - Starting TC001_AccountRegistretionTest...
18:37:01.550 [main] INFO  testCases.TC001_AccountRegistretionTest - Clicked on Mylink...
18:37:01.928 [main] INFO  testCases.TC001_AccountRegistretionTest - Clicked on Register...
18:37:03.346 [main] INFO  testCases.TC001_AccountRegistretionTest - Entered customer details...
18:37:03.407 [main] ERROR testCases.TC001_AccountRegistretionTest - Test Failed due to confirmation message not maching!...
18:37:03.407 [main] DEBUG testCases.TC001_AccountRegistretionTest - Debug log...
18:37:07.879 [main] INFO  testCases.TC002_LoginTest - ******* Starting TC002_LoginTest ********
18:37:09.343 [main] INFO  testCases.TC002_LoginTest - ******* Finished TC002_LoginTest ********
18:38:35.300 [main] INFO  testCases.TC001_AccountRegistretionTest - Starting TC001_AccountRegistretionTest...
18:38:35.664 [main] INFO  testCases.TC001_AccountRegistretionTest - Clicked on Mylink...
18:38:36.056 [main] INFO  testCases.TC001_AccountRegistretionTest - Clicked on Register...
18:38:37.474 [main] INFO  testCases.TC001_AccountRegistretionTest - Entered customer details...
18:38:37.548 [main] INFO  testCases.TC001_AccountRegistretionTest - Your Account Has Been Created!...
18:38:37.551 [main] INFO  testCases.TC001_AccountRegistretionTest - Ended TC001_AccountRegistretionTest...
19:35:43.713 [main] INFO  testCases.TC001_AccountRegistretionTest - Starting TC001_AccountRegistretionTest...
19:35:44.282 [main] INFO  testCases.TC001_AccountRegistretionTest - Clicked on Mylink...
19:35:44.644 [main] INFO  testCases.TC001_AccountRegistretionTest - Clicked on Register...
19:35:45.665 [main] INFO  testCases.TC001_AccountRegistretionTest - Entered customer details...
19:35:45.699 [main] INFO  testCases.TC001_AccountRegistretionTest - Your Account Has Been Created!...
19:35:45.700 [main] INFO  testCases.TC001_AccountRegistretionTest - Ended TC001_AccountRegistretionTest...
19:35:48.860 [main] INFO  testCases.TC002_LoginTest - ******* Starting TC002_LoginTest ********
19:35:50.132 [main] INFO  testCases.TC002_LoginTest - ******* Finished TC002_LoginTest ********
20:08:41.474 [main] INFO  testCases.TC001_AccountRegistretionTest - Starting TC001_AccountRegistretionTest...
20:08:42.063 [main] INFO  testCases.TC001_AccountRegistretionTest - Clicked on Mylink...
20:08:42.503 [main] INFO  testCases.TC001_AccountRegistretionTest - Clicked on Register...
20:08:44.021 [main] INFO  testCases.TC001_AccountRegistretionTest - Entered customer details...
20:08:44.105 [main] INFO  testCases.TC001_AccountRegistretionTest - Your Account Has Been Created!...
20:08:44.108 [main] INFO  testCases.TC001_AccountRegistretionTest - Ended TC001_AccountRegistretionTest...
20:08:47.910 [main] INFO  testCases.TC002_LoginTest - ******* Starting TC002_LoginTest ********
20:08:49.567 [main] INFO  testCases.TC002_LoginTest - ******* Finished TC002_LoginTest ********
20:48:27.311 [main] INFO  testCases.TC001_AccountRegistretionTest - Starting TC001_AccountRegistretionTest...
20:48:27.682 [main] INFO  testCases.TC001_AccountRegistretionTest - Clicked on Mylink...
20:48:27.993 [main] INFO  testCases.TC001_AccountRegistretionTest - Clicked on Register...
20:48:28.975 [main] INFO  testCases.TC001_AccountRegistretionTest - Entered customer details...
20:48:29.007 [main] INFO  testCases.TC001_AccountRegistretionTest - Your Account Has Been Created!...
20:48:29.008 [main] INFO  testCases.TC001_AccountRegistretionTest - Ended TC001_AccountRegistretionTest...
20:48:36.390 [main] INFO  testCases.TC002_LoginTest - ******* Starting TC002_LoginTest ********
20:48:37.602 [main] INFO  testCases.TC002_LoginTest - ******* Finished TC002_LoginTest ********
20:52:11.944 [main] INFO  testCases.TC001_AccountRegistretionTest - Starting TC001_AccountRegistretionTest...
20:52:12.092 [main] INFO  testCases.TC001_AccountRegistretionTest - Clicked on Mylink...
