17:17:30.792 [main] INFO  testCases.TC001_AccountRegistretionTest - Ended TC001_AccountRegistretionTest...
18:29:48.818 [main] INFO  testCases.TC001_AccountRegistretionTest - Starting TC001_AccountRegistretionTest...
18:29:48.967 [main] INFO  testCases.TC001_AccountRegistretionTest - Clicked on Mylink...
18:29:49.303 [main] INFO  testCases.TC001_AccountRegistretionTest - Clicked on Register...
18:29:50.354 [main] INFO  testCases.TC001_AccountRegistretionTest - Entered customer details...
18:29:50.392 [main] INFO  testCases.TC001_AccountRegistretionTest - Your Account Has Been Created!...
18:29:50.394 [main] INFO  testCases.TC001_AccountRegistretionTest - Ended TC001_AccountRegistretionTest...
18:30:33.531 [main] INFO  testCases.TC001_AccountRegistretionTest - Starting TC001_AccountRegistretionTest...
18:30:33.829 [main] INFO  testCases.TC001_AccountRegistretionTest - Clicked on Mylink...
18:30:34.110 [main] INFO  testCases.TC001_AccountRegistretionTest - Clicked on Register...
18:30:35.053 [main] INFO  testCases.TC001_AccountRegistretionTest - Entered customer details...
18:30:35.087 [main] INFO  testCases.TC001_AccountRegistretionTest - Your Account Has Been Created!...
18:30:35.088 [main] INFO  testCases.TC001_AccountRegistretionTest - Ended TC001_AccountRegistretionTest...
18:31:02.268 [main] INFO  testCases.TC001_AccountRegistretionTest - Starting TC001_AccountRegistretionTest...
18:31:02.369 [main] INFO  testCases.TC001_AccountRegistretionTest - Clicked on Mylink...
18:31:02.706 [main] INFO  testCases.TC001_AccountRegistretionTest - Clicked on Register...
18:31:03.639 [main] INFO  testCases.TC001_AccountRegistretionTest - Entered customer details...
18:31:03.674 [main] INFO  testCases.TC001_AccountRegistretionTest - Your Account Has Been Created!...
18:31:03.676 [main] INFO  testCases.TC001_AccountRegistretionTest - Ended TC001_AccountRegistretionTest...
18:31:34.493 [main] INFO  testCases.TC001_AccountRegistretionTest - Starting TC001_AccountRegistretionTest...
18:31:34.796 [main] INFO  testCases.TC001_AccountRegistretionTest - Clicked on Mylink...
18:31:35.181 [main] INFO  testCases.TC001_AccountRegistretionTest - Clicked on Register...
18:31:36.024 [main] INFO  testCases.TC001_AccountRegistretionTest - Entered customer details...
18:31:36.044 [main] INFO  testCases.TC001_AccountRegistretionTest - Your Account Has Been Created!...
18:31:36.046 [main] INFO  testCases.TC001_AccountRegistretionTest - Ended TC001_AccountRegistretionTest...
18:32:17.964 [main] INFO  testCases.TC001_AccountRegistretionTest - Starting TC001_AccountRegistretionTest...
18:32:18.063 [main] INFO  testCases.TC001_AccountRegistretionTest - Clicked on Mylink...
18:32:18.402 [main] INFO  testCases.TC001_AccountRegistretionTest - Clicked on Register...
18:32:19.401 [main] INFO  testCases.TC001_AccountRegistretionTest - Entered customer details...
18:32:19.438 [main] INFO  testCases.TC001_AccountRegistretionTest - Your Account Has Been Created!...
18:32:19.439 [main] INFO  testCases.TC001_AccountRegistretionTest - Ended TC001_AccountRegistretionTest...
18:40:55.263 [main] INFO  testCases.TC001_AccountRegistretionTest - Starting TC001_AccountRegistretionTest...
18:40:55.438 [main] INFO  testCases.TC001_AccountRegistretionTest - Clicked on Mylink...
18:40:55.749 [main] INFO  testCases.TC001_AccountRegistretionTest - Clicked on Register...
18:40:56.714 [main] INFO  testCases.TC001_AccountRegistretionTest - Entered customer details...
18:40:56.751 [main] INFO  testCases.TC001_AccountRegistretionTest - Your Account Has Been Created!...
18:40:56.752 [main] INFO  testCases.TC001_AccountRegistretionTest - Ended TC001_AccountRegistretionTest...
18:40:59.764 [main] INFO  testCases.TC001_AccountRegistretionTest - Starting TC001_AccountRegistretionTest...
18:40:59.842 [main] INFO  testCases.TC001_AccountRegistretionTest - Clicked on Mylink...
18:41:00.163 [main] INFO  testCases.TC001_AccountRegistretionTest - Clicked on Register...
18:41:01.187 [main] INFO  testCases.TC001_AccountRegistretionTest - Entered customer details...
18:41:01.216 [main] INFO  testCases.TC001_AccountRegistretionTest - Your Account Has Been Created!...
18:41:01.217 [main] INFO  testCases.TC001_AccountRegistretionTest - Ended TC001_AccountRegistretionTest...
18:41:07.449 [main] INFO  testCases.TC001_AccountRegistretionTest - Starting TC001_AccountRegistretionTest...
18:41:07.700 [main] INFO  testCases.TC001_AccountRegistretionTest - Clicked on Mylink...
18:41:08.029 [main] INFO  testCases.TC001_AccountRegistretionTest - Clicked on Register...
18:41:08.867 [main] INFO  testCases.TC001_AccountRegistretionTest - Entered customer details...
18:41:08.887 [main] INFO  testCases.TC001_AccountRegistretionTest - Your Account Has Been Created!...
18:41:08.887 [main] INFO  testCases.TC001_AccountRegistretionTest - Ended TC001_AccountRegistretionTest...
18:45:12.315 [TestNG-tests-2] INFO  testCases.TC001_AccountRegistretionTest - Starting TC001_AccountRegistretionTest...
