20:52:12.608 [main] INFO  testCases.TC001_AccountRegistretionTest - Clicked on Register...
20:52:13.811 [main] INFO  testCases.TC001_AccountRegistretionTest - Entered customer details...
20:52:13.845 [main] INFO  testCases.TC001_AccountRegistretionTest - Your Account Has Been Created!...
20:52:13.847 [main] INFO  testCases.TC001_AccountRegistretionTest - Ended TC001_AccountRegistretionTest...
20:52:16.978 [main] INFO  testCases.TC002_LoginTest - ******* Starting TC002_LoginTest ********
20:52:18.483 [main] INFO  testCases.TC002_LoginTest - ******* Finished TC002_LoginTest ********
20:57:49.972 [main] INFO  testCases.TC001_AccountRegistretionTest - Starting TC001_AccountRegistretionTest...
20:57:50.088 [main] INFO  testCases.TC001_AccountRegistretionTest - Clicked on Mylink...
20:57:50.373 [main] INFO  testCases.TC001_AccountRegistretionTest - Clicked on Register...
20:57:51.438 [main] INFO  testCases.TC001_AccountRegistretionTest - Entered customer details...
20:57:51.474 [main] INFO  testCases.TC001_AccountRegistretionTest - Your Account Has Been Created!...
20:57:51.475 [main] INFO  testCases.TC001_AccountRegistretionTest - Ended TC001_AccountRegistretionTest...
20:57:54.616 [main] INFO  testCases.TC002_LoginTest - ******* Starting TC002_LoginTest ********
20:57:55.731 [main] INFO  testCases.TC002_LoginTest - ******* Finished TC002_LoginTest ********
08:44:41.534 [main] INFO  testCases.TC001_AccountRegistretionTest - Starting TC001_AccountRegistretionTest...
08:44:41.910 [main] INFO  testCases.TC001_AccountRegistretionTest - Clicked on Mylink...
08:44:42.241 [main] INFO  testCases.TC001_AccountRegistretionTest - Clicked on Register...
08:44:43.118 [main] INFO  testCases.TC001_AccountRegistretionTest - Entered customer details...
08:44:43.160 [main] INFO  testCases.TC001_AccountRegistretionTest - Your Account Has Been Created!...
08:44:43.162 [main] INFO  testCases.TC001_AccountRegistretionTest - Ended TC001_AccountRegistretionTest...
08:44:56.348 [main] INFO  testCases.TC001_AccountRegistretionTest - Starting TC001_AccountRegistretionTest...
08:44:56.428 [main] INFO  testCases.TC001_AccountRegistretionTest - Clicked on Mylink...
08:44:56.793 [main] INFO  testCases.TC001_AccountRegistretionTest - Clicked on Register...
08:44:57.782 [main] INFO  testCases.TC001_AccountRegistretionTest - Entered customer details...
08:44:57.813 [main] INFO  testCases.TC001_AccountRegistretionTest - Your Account Has Been Created!...
08:44:57.813 [main] INFO  testCases.TC001_AccountRegistretionTest - Ended TC001_AccountRegistretionTest...
08:45:06.606 [main] INFO  testCases.TC001_AccountRegistretionTest - Starting TC001_AccountRegistretionTest...
08:45:06.857 [main] INFO  testCases.TC001_AccountRegistretionTest - Clicked on Mylink...
08:45:07.182 [main] INFO  testCases.TC001_AccountRegistretionTest - Clicked on Register...
08:45:07.994 [main] INFO  testCases.TC001_AccountRegistretionTest - Entered customer details...
08:45:08.010 [main] INFO  testCases.TC001_AccountRegistretionTest - Your Account Has Been Created!...
08:45:08.010 [main] INFO  testCases.TC001_AccountRegistretionTest - Ended TC001_AccountRegistretionTest...
14:21:27.955 [main] INFO  testCases.TC001_AccountRegistretionTest - Starting TC001_AccountRegistretionTest...
14:21:28.414 [main] INFO  testCases.TC001_AccountRegistretionTest - Clicked on Mylink...
14:21:28.681 [main] INFO  testCases.TC001_AccountRegistretionTest - Clicked on Register...
14:21:29.691 [main] INFO  testCases.TC001_AccountRegistretionTest - Entered customer details...
14:21:29.727 [main] INFO  testCases.TC001_AccountRegistretionTest - Your Account Has Been Created!...
14:21:29.730 [main] INFO  testCases.TC001_AccountRegistretionTest - Ended TC001_AccountRegistretionTest...
14:21:33.443 [main] INFO  testCases.TC002_LoginTest - ******* Starting TC002_LoginTest ********
14:21:35.335 [main] INFO  testCases.TC002_LoginTest - ******* Finished TC002_LoginTest ********
